     1                                      BOOT_LOAD    equ    0x7C00  ; ブートプログラムのロード位置
     2                                  
     3                                      ORG    BOOT_LOAD  ; ロードアドレスをアセンブラに指示
     4                                  
     5                                  ; エントリポイント
     6                                  entry:
     7 00000000 EB58                        jmp     ipl  ; IPLへジャンプ
     8                                  
     9                                      ; BPB (BIOS Parameter Block)
    10 00000002 90<rept>                    times   90 - ($ -$$) db 0x90
    11                                  
    12                                      ; IPL (Initial Program Loader)
    13                                  
    14                                  ipl:
    15 0000005A FA                          cli  ; 割り込み禁止
    16                                  
    17 0000005B B80000                      mov     ax, 0x0000
    18 0000005E 8ED8                        mov     ds, ax
    19 00000060 8EC0                        mov     es, ax
    20 00000062 8ED0                        mov     ss, ax
    21 00000064 BC007C                      mov     sp, BOOT_LOAD
    22                                  
    23 00000067 FB                          sti  ; 割り込み許可 (Set Interrupt Flag)
    24                                  
    25 00000068 8816[7800]                  mov     [BOOT.DRIVE], dl
    26                                  
    27 0000006C B049                        mov     al, 'I'  ; AL = 出力文字
    28 0000006E B40E                        mov     ah, 0x0E  ; テレタイプ式1文字出力
    29 00000070 BB2020                      mov     bx, 0x2020  ; ページ番号と文字色を0に設定
    30 00000073 CD10                        int     0x10
    31                                  
    32                                  
    33                                      ; 処理の終了
    34 00000075 EBFE                        jmp     $  ; while(1) ; 無限ループ
    35                                  
    36 00000077 00                      ALIGN 2, db 0
    37                                  BOOT:
    38 00000078 0000                    .DRIVE: dw 0
    39                                  
    40                                  ; ブートフラグ(先頭512バイトの終了)
    41 0000007A 00<rept>                    times    510 - ($ - $$) db 0x00
    42 000001FE 55AA                        db 0x55, 0xAA
