     1                                      BOOT_LOAD    equ    0x7C00
     2                                  
     3                                      ORG    BOOT_LOAD
     4                                  
     5                                  ; マクロ
     6                                  %include    "../include/macro.s"
     1                              <1> %macro  cdecl 1-*.nolist
     2                              <1> 
     3                              <1>     %rep    %0 - 1
     4                              <1>         push    %{-1:-1}
     5                              <1>         %rotate -1
     6                              <1>     %endrep
     7                              <1>     %rotate -1
     8                              <1>     call    %1
     9                              <1> 
    10                              <1>     %if 1 < %0
    11                              <1>         add sp, (__BITS__ >> 3) * (%0 - 1)
    12                              <1>     %endif
    13                              <1> 
    14                              <1> %endmacro
     7                                  
     8                                  entry:
     9 00000000 EB58                        jmp     ipl
    10                                  
    11                                      ; BPB (BIOS Parameter Block)
    12 00000002 90<rept>                    times   90 - ($ -$$) db 0x90
    13                                  
    14                                      ; IPL (Initial Program Loader)
    15                                  
    16                                  ipl:
    17 0000005A FA                          cli
    18                                  
    19 0000005B B80000                      mov     ax, 0x0000
    20 0000005E 8ED8                        mov     ds, ax
    21 00000060 8EC0                        mov     es, ax
    22 00000062 8ED0                        mov     ss, ax
    23 00000064 BC007C                      mov     sp, BOOT_LOAD
    24                                  
    25 00000067 FB                          sti
    26                                  
    27 00000068 8816[8600]                  mov     [BOOT.DRIVE], dl
    28                                  
    29                                      ; 文字を表示
    30 0000006C 6A58E8170083C402            cdecl   putc, word 'X'
    31 00000074 6A59E80F0083C402            cdecl   putc, word 'Y'
    32 0000007C 6A5AE8070083C402            cdecl   putc, word 'Z'
    33                                  
    34                                  
    35 00000084 EBFE                        jmp     $  ; while(1) ; $BL58B%k!<%W(B
    36                                  
    37                                  ALIGN 2, db 0
    38                                  BOOT:
    39 00000086 0000                    .DRIVE: dw 0
    40                                  
    41                                  ; モジュール
    42                                  %include    "../modules/real/putc.s"
     1                              <1> putc:
     2                              <1>     ; スタックフレームの構築
     3 00000088 55                  <1>     push    bp
     4 00000089 89E5                <1>     mov     bp, sp
     5                              <1> 
     6                              <1>     ; レジスタの保存
     7 0000008B 50                  <1>     push    ax
     8 0000008C 53                  <1>     push    bx
     9                              <1> 
    10                              <1>     ; 処理の開始
    11 0000008D 8A4604              <1>     mov     al, [bp + 4]
    12 00000090 B40E                <1>     mov     ah, 0x0E
    13 00000092 BB0000              <1>     mov     bx, 0x0000
    14 00000095 CD10                <1>     int     0x10
    15                              <1> 
    16                              <1>     ; レジスタの復帰
    17 00000097 5B                  <1>     pop     bx
    18 00000098 58                  <1>     pop     ax
    19                              <1> 
    20                              <1>     ; スタックフレームの破棄
    21 00000099 89EC                <1>     mov     sp, bp
    22 0000009B 5D                  <1>     pop     bp
    23                              <1> 
    24 0000009C C3                  <1>     ret
    43                                  
    44 0000009D 00<rept>                    times    510 - ($ - $$) db 0x00
    45 000001FE 55AA                        db 0x55, 0xAA
