     1                                          BOOT_LOAD    equ    0x7C00  ; ブートプログラムのロード位置
     2                                  
     3                                          ORG    BOOT_LOAD            ; ロードアドレスをアセンブラに指示
     4                                  
     5                                  ; マクロ
     6                                  %include    "../include/macro.s"
     1                              <1> %macro  cdecl 1-*.nolist
     2                              <1> 
     3                              <1>     %rep    %0 - 1
     4                              <1>         push    %{-1:-1}
     5                              <1>         %rotate -1
     6                              <1>     %endrep
     7                              <1>     %rotate -1
     8                              <1>     call    %1
     9                              <1> 
    10                              <1>     %if 1 < %0
    11                              <1>         add sp, (__BITS__ >> 3) * (%0 - 1)
    12                              <1>     %endif
    13                              <1> 
    14                              <1> %endmacro
     7                                  
     8                                  ; エントリポイント
     9                                  entry:
    10                                          ; BPB (BIOS Parameter Block)
    11 00000000 EB58                            jmp     ipl
    12 00000002 90<rept>                        times   90 - ($ -$$) db 0x90
    13                                  
    14                                          ; IPL (Initial Program Loader)
    15                                  
    16                                  ipl:
    17 0000005A FA                              cli                         ; 割り込み禁止
    18                                  
    19 0000005B B80000                          mov     ax, 0x0000
    20 0000005E 8ED8                            mov     ds, ax
    21 00000060 8EC0                            mov     es, ax
    22 00000062 8ED0                            mov     ss, ax
    23 00000064 BC007C                          mov     sp, BOOT_LOAD
    24                                  
    25 00000067 FB                              sti                         ; 割り込み許可
    26                                  
    27 00000068 8816[B800]                      mov     [BOOT.DRIVE], dl
    28                                  
    29                                          ; 文字列を表示
    30 0000006C 68[9800]E8480083C4-             cdecl   puts,   .s0
    30 00000074 02                 
    31                                  
    32                                          ; 次の512バイトを読み込む
    33 00000075 B402                            mov     ah, 0x02
    34 00000077 B001                            mov     al, 1
    35 00000079 B90200                          mov     cx, 0x0002
    36 0000007C B600                            mov     dh, 0x00
    37 0000007E 8A16[B800]                      mov     dl, [BOOT.DRIVE]
    38 00000082 BB007E                          mov     bx, 0x7C00 + 512
    39 00000085 CD13                            int     0x13
    40 00000087 730C                    .10Q:   jnc     .10E
    41 00000089 68[A500]E82B0083C4-     .10T:   cdecl   puts, .e0
    41 00000091 02                 
    42 00000092 E8C400                          call    reboot
    43                                  .10E:
    44                                          ; 次のステージへ移行
    45 00000095 E96801                          jmp     stage_2
    46                                  
    47                                          ; データ
    48 00000098 426F6F74696E672E2E-     .s0     db "Booting...", 0x0A, 0x0D, 0
    48 000000A1 2E0A0D00           
    49 000000A5 4572726F723A736563-     .e0     db "Error:sector read", 0
    49 000000AE 746F72207265616400 
    50                                  
    51 000000B7 00                      ALIGN 2, db 0
    52                                  BOOT:
    53 000000B8 0000                    .DRIVE: dw 0
    54                                  
    55                                  ; モジュール
    56                                  %include    "../modules/real/puts.s"
     1                              <1> puts:
     2                              <1>     ; スタックフレームの構築
     3 000000BA 55                  <1>     push    bp  ; bp + 4: 文字列へのアドレス
     4 000000BB 89E5                <1>     mov     bp, sp
     5                              <1> 
     6                              <1>     ; レジスタの保存
     7 000000BD 50                  <1>     push    ax
     8 000000BE 53                  <1>     push    bx
     9 000000BF 56                  <1>     push    si
    10                              <1> 
    11                              <1>     ; 引数を取得
    12 000000C0 8B7604              <1>     mov     si, [bp + 4]  ; 文字列へのアドレスを SI にセット。
    13                              <1> 
    14                              <1>     ; 処理の開始
    15 000000C3 B40E                <1>     mov     ah, 0x0E
    16 000000C5 BB0000              <1>     mov     bx, 0x0000
    17 000000C8 FC                  <1>     cld
    18                              <1> .10L:
    19 000000C9 AC                  <1>     lodsb  ; Load String. 'b' stands for byte.
    20                              <1> 
    21 000000CA 3C00                <1>     cmp     al, 0
    22 000000CC 7404                <1>     je      .10E
    23                              <1> 
    24 000000CE CD10                <1>     int     0x10
    25 000000D0 EBF7                <1>     jmp     .10L
    26                              <1> .10E:
    27                              <1> 
    28                              <1>     ; レジスタの復帰
    29 000000D2 5E                  <1>     pop     si
    30 000000D3 5B                  <1>     pop     bx
    31 000000D4 58                  <1>     pop     ax
    32                              <1> 
    33                              <1>     ; スタックフレームの破棄
    34 000000D5 89EC                <1>     mov     sp, bp
    35 000000D7 5D                  <1>     pop     bp
    36                              <1> 
    37 000000D8 C3                  <1>     ret
    57                                  %include    "../modules/real/itoa.s"
     1                              <1> itoa:
     2                              <1>         ; スタックフレームの構築
     3 000000D9 55                  <1>         push    bp
     4 000000DA 89E5                <1>         mov     bp, sp
     5                              <1> 
     6                              <1>         ; レジスタの保存
     7 000000DC 50                  <1>         push    ax
     8 000000DD 53                  <1>         push    bx
     9 000000DE 51                  <1>         push    cx
    10 000000DF 52                  <1>         push    dx
    11 000000E0 56                  <1>         push    si
    12 000000E1 57                  <1>         push    di
    13                              <1> 
    14                              <1>         ; 引数を取得
    15 000000E2 8B4604              <1>         mov     ax, [bp + 4]
    16 000000E5 8B7606              <1>         mov     si, [bp + 6]
    17 000000E8 8B4E08              <1>         mov     cx, [bp + 8]
    18                              <1> 
    19 000000EB 89F7                <1>         mov     di, si
    20 000000ED 01CF                <1>         add     di, cx
    21 000000EF 4F                  <1>         dec     di
    22                              <1> 
    23 000000F0 8B5E0C              <1>         mov     bx, word [bp + 12]
    24                              <1> 
    25                              <1>         ; 符号付き判定
    26 000000F3 F7C30100            <1>         test    bx, 0b0001
    27 000000F7 7408                <1> .10Q:   je  .10E
    28 000000F9 83F800              <1>         cmp ax, 0
    29 000000FC 7D03                <1> .12Q:   jge .12E
    30 000000FE 83CB02              <1>         or  bx, 0b0010
    31                              <1> .12E:
    32                              <1> .10E:
    33                              <1> 
    34                              <1>         ; 符号出力判定
    35 00000101 F7C30200            <1>         test    bx, 0b0010
    36 00000105 7410                <1> .20Q:   je  .20E
    37 00000107 83F800              <1>         cmp ax, 0
    38 0000010A 7D07                <1> .22Q:   jge .22F
    39 0000010C F7D8                <1>         neg ax
    40 0000010E C6042D              <1>         mov [si], byte  '-'
    41 00000111 EB03                <1>         jmp .22E
    42                              <1> .22F:
    43 00000113 C6042B              <1>         mov [si], byte  '+'
    44                              <1> .22E:
    45 00000116 49                  <1>         dec cx
    46                              <1> .20E:
    47                              <1> 
    48                              <1>         ; ASCII 変換
    49 00000117 8B5E0A              <1>         mov     bx, [bp + 10]
    50                              <1> .30L:
    51 0000011A BA0000              <1>         mov     dx, 0
    52 0000011D F7F3                <1>         div     bx
    53                              <1> 
    54 0000011F 89D6                <1>         mov     si, dx
    55 00000121 8A94[4901]          <1>         mov     dl, byte [.ascii + si]
    56                              <1> 
    57 00000125 8815                <1>         mov     [di], dl
    58 00000127 4F                  <1>         dec     di
    59                              <1> 
    60 00000128 83F800              <1>         cmp     ax, 0
    61 0000012B E0ED                <1>         loopnz  .30L
    62                              <1> .30E:
    63                              <1> 
    64                              <1>         ; 空欄を埋める
    65 0000012D 83F900              <1>         cmp     cx, 0
    66 00000130 740D                <1> .40Q:   je      .40E
    67 00000132 B020                <1>         mov     al, ' '
    68 00000134 837E0C04            <1>         cmp     [bp +12], word 0b0100
    69 00000138 7502                <1> .42Q:   jne     .42E
    70 0000013A B030                <1>         mov     al, '0'
    71                              <1> .42E:
    72 0000013C FD                  <1>         std
    73 0000013D F3AA                <1>         rep stosb
    74                              <1> .40E:
    75                              <1> 
    76                              <1>         ; レジスタの復帰
    77 0000013F 5F                  <1>         pop     di
    78 00000140 5E                  <1>         pop     si
    79 00000141 5A                  <1>         pop     dx
    80 00000142 59                  <1>         pop     cx
    81 00000143 5B                  <1>         pop     bx
    82 00000144 58                  <1>         pop     ax
    83                              <1> 
    84                              <1>         ; スタックフレームの破棄
    85 00000145 89EC                <1>         mov     sp, bp
    86 00000147 5D                  <1>         pop     bp
    87                              <1> 
    88 00000148 C3                  <1>         ret
    89                              <1> 
    90 00000149 303132333435363738- <1> .ascii  db      "0123456789ABCDEF"
    90 00000152 39414243444546      <1>
    58                                  %include    "../modules/real/reboot.s"
     1                              <1> reboot:
     2                              <1>         ; メッセージを表示
     3 00000159 68[7501]E85BFF83C4- <1>         cdecl   puts, .s0     ; 再起動メッセージの表示
     3 00000161 02                  <1>
     4                              <1> 
     5                              <1>         ; キーの入力待ち
     6                              <1> .10L:
     7 00000162 B410                <1>         mov     ah, 0x10
     8 00000164 CD16                <1>         int     0x16
     9                              <1> 
    10 00000166 3C20                <1>         cmp     al, ' '
    11 00000168 75F8                <1>         jne     .10L
    12                              <1> 
    13                              <1>         ; 改行を出力
    14 0000016A 68[9301]E84AFF83C4- <1>         cdecl   puts, .s1
    14 00000172 02                  <1>
    15                              <1> 
    16                              <1>         ; 再起動
    17 00000173 CD19                <1>         int     0x19
    18                              <1> 
    19                              <1>         ; 文字列データ
    20 00000175 0A0D50757368205350- <1> .s0     db  0x0A, 0x0D, "Push SPACE key to reboot...", 0
    20 0000017E 414345206B65792074- <1>
    20 00000187 6F207265626F6F742E- <1>
    20 00000190 2E2E00              <1>
    21 00000193 0A0D0A0A00          <1> .s1     db  0x0A, 0x0D, 0x0A, 0x0A, 0
    59                                  
    60                                  ; ブートフラグ (先頭512バイトの終了)
    61 00000198 00<rept>                        times    510 - ($ - $$) db 0x00
    62 000001FE 55AA                            db 0x55, 0xAA
    63                                  
    64                                  ; ブート処理の第2ステージ
    65                                  stage_2:
    66                                          ; 文字列を表示
    67 00000200 68[0B02]E8B4FE83C4-             cdecl   puts, .s0
    67 00000208 02                 
    68                                  
    69                                          ; 処理の終了
    70 00000209 EBFE                            jmp     $
    71                                  
    72                                          ; データ
    73 0000020B 326E64207374616765-     .s0     db "2nd stage...", 0x0A, 0x0D, 0
    73 00000214 2E2E2E0A0D00       
    74                                  
    75                                  ; パディング
    76 0000021A 00<rept>                        times (1024 * 8) - ($ - $$) db 0    ; 8K bytes
